Analysis & Synthesis report for Pila
Fri May  6 00:14:09 2022
Quartus Prime Version 21.1.0 Build 842 10/21/2021 SJ Lite Edition


---------------------
; Table of Contents ;
---------------------
  1. Legal Notice
  2. Analysis & Synthesis Summary
  3. Analysis & Synthesis Settings
  4. Parallel Compilation
  5. Analysis & Synthesis Source Files Read
  6. Analysis & Synthesis Resource Usage Summary
  7. Analysis & Synthesis Resource Utilization by Entity
  8. Analysis & Synthesis RAM Summary
  9. State Machine - |Pila|current_state
 10. State Machine - |Pila|next_state
 11. Registers Removed During Synthesis
 12. General Register Statistics
 13. Inverted Register Statistics
 14. Registers Packed Into Inferred Megafunctions
 15. Multiplexer Restructuring Statistics (Restructuring Performed)
 16. Source assignments for altsyncram:stack_mem_rtl_0|altsyncram_llh1:auto_generated
 17. Parameter Settings for Inferred Entity Instance: altsyncram:stack_mem_rtl_0
 18. altsyncram Parameter Settings by Entity Instance
 19. Post-Synthesis Netlist Statistics for Top Partition
 20. Elapsed Time Per Partition
 21. Analysis & Synthesis Messages



----------------
; Legal Notice ;
----------------
Copyright (C) 2021  Intel Corporation. All rights reserved.
Your use of Intel Corporation's design tools, logic functions 
and other software and tools, and any partner logic 
functions, and any output files from any of the foregoing 
(including device programming or simulation files), and any 
associated documentation or information are expressly subject 
to the terms and conditions of the Intel Program License 
Subscription Agreement, the Intel Quartus Prime License Agreement,
the Intel FPGA IP License Agreement, or other applicable license
agreement, including, without limitation, that your use is for
the sole purpose of programming logic devices manufactured by
Intel and sold by Intel or its authorized distributors.  Please
refer to the applicable agreement for further details, at
https://fpgasoftware.intel.com/eula.



+----------------------------------------------------------------------------------+
; Analysis & Synthesis Summary                                                     ;
+------------------------------------+---------------------------------------------+
; Analysis & Synthesis Status        ; Successful - Fri May  6 00:14:09 2022       ;
; Quartus Prime Version              ; 21.1.0 Build 842 10/21/2021 SJ Lite Edition ;
; Revision Name                      ; Pila                                        ;
; Top-level Entity Name              ; Pila                                        ;
; Family                             ; Cyclone IV E                                ;
; Total logic elements               ; 430                                         ;
;     Total combinational functions  ; 418                                         ;
;     Dedicated logic registers      ; 94                                          ;
; Total registers                    ; 94                                          ;
; Total pins                         ; 61                                          ;
; Total virtual pins                 ; 0                                           ;
; Total memory bits                  ; 808                                         ;
; Embedded Multiplier 9-bit elements ; 0                                           ;
; Total PLLs                         ; 0                                           ;
+------------------------------------+---------------------------------------------+


+------------------------------------------------------------------------------------------------------------+
; Analysis & Synthesis Settings                                                                              ;
+------------------------------------------------------------------+--------------------+--------------------+
; Option                                                           ; Setting            ; Default Value      ;
+------------------------------------------------------------------+--------------------+--------------------+
; Device                                                           ; EP4CE115F29C7      ;                    ;
; Top-level entity name                                            ; Pila               ; Pila               ;
; Family name                                                      ; Cyclone IV E       ; Cyclone V          ;
; Type of Retiming Performed During Resynthesis                    ; Full               ;                    ;
; Resynthesis Optimization Effort                                  ; Normal             ;                    ;
; Physical Synthesis Level for Resynthesis                         ; Normal             ;                    ;
; Use Generated Physical Constraints File                          ; On                 ;                    ;
; Use smart compilation                                            ; Off                ; Off                ;
; Enable parallel Assembler and Timing Analyzer during compilation ; On                 ; On                 ;
; Enable compact report table                                      ; Off                ; Off                ;
; Restructure Multiplexers                                         ; Auto               ; Auto               ;
; Create Debugging Nodes for IP Cores                              ; Off                ; Off                ;
; Preserve fewer node names                                        ; On                 ; On                 ;
; Intel FPGA IP Evaluation Mode                                    ; Enable             ; Enable             ;
; Verilog Version                                                  ; Verilog_2001       ; Verilog_2001       ;
; VHDL Version                                                     ; VHDL_1993          ; VHDL_1993          ;
; State Machine Processing                                         ; Auto               ; Auto               ;
; Safe State Machine                                               ; Off                ; Off                ;
; Extract Verilog State Machines                                   ; On                 ; On                 ;
; Extract VHDL State Machines                                      ; On                 ; On                 ;
; Ignore Verilog initial constructs                                ; Off                ; Off                ;
; Iteration limit for constant Verilog loops                       ; 5000               ; 5000               ;
; Iteration limit for non-constant Verilog loops                   ; 250                ; 250                ;
; Add Pass-Through Logic to Inferred RAMs                          ; On                 ; On                 ;
; Infer RAMs from Raw Logic                                        ; On                 ; On                 ;
; Parallel Synthesis                                               ; On                 ; On                 ;
; DSP Block Balancing                                              ; Auto               ; Auto               ;
; NOT Gate Push-Back                                               ; On                 ; On                 ;
; Power-Up Don't Care                                              ; On                 ; On                 ;
; Remove Redundant Logic Cells                                     ; Off                ; Off                ;
; Remove Duplicate Registers                                       ; On                 ; On                 ;
; Ignore CARRY Buffers                                             ; Off                ; Off                ;
; Ignore CASCADE Buffers                                           ; Off                ; Off                ;
; Ignore GLOBAL Buffers                                            ; Off                ; Off                ;
; Ignore ROW GLOBAL Buffers                                        ; Off                ; Off                ;
; Ignore LCELL Buffers                                             ; Off                ; Off                ;
; Ignore SOFT Buffers                                              ; On                 ; On                 ;
; Limit AHDL Integers to 32 Bits                                   ; Off                ; Off                ;
; Optimization Technique                                           ; Balanced           ; Balanced           ;
; Carry Chain Length                                               ; 70                 ; 70                 ;
; Auto Carry Chains                                                ; On                 ; On                 ;
; Auto Open-Drain Pins                                             ; On                 ; On                 ;
; Perform WYSIWYG Primitive Resynthesis                            ; Off                ; Off                ;
; Auto ROM Replacement                                             ; On                 ; On                 ;
; Auto RAM Replacement                                             ; On                 ; On                 ;
; Auto DSP Block Replacement                                       ; On                 ; On                 ;
; Auto Shift Register Replacement                                  ; Auto               ; Auto               ;
; Allow Shift Register Merging across Hierarchies                  ; Auto               ; Auto               ;
; Auto Clock Enable Replacement                                    ; On                 ; On                 ;
; Strict RAM Replacement                                           ; Off                ; Off                ;
; Allow Synchronous Control Signals                                ; On                 ; On                 ;
; Force Use of Synchronous Clear Signals                           ; Off                ; Off                ;
; Auto RAM Block Balancing                                         ; On                 ; On                 ;
; Auto RAM to Logic Cell Conversion                                ; Off                ; Off                ;
; Auto Resource Sharing                                            ; Off                ; Off                ;
; Allow Any RAM Size For Recognition                               ; Off                ; Off                ;
; Allow Any ROM Size For Recognition                               ; Off                ; Off                ;
; Allow Any Shift Register Size For Recognition                    ; Off                ; Off                ;
; Use LogicLock Constraints during Resource Balancing              ; On                 ; On                 ;
; Ignore translate_off and synthesis_off directives                ; Off                ; Off                ;
; Timing-Driven Synthesis                                          ; On                 ; On                 ;
; Report Parameter Settings                                        ; On                 ; On                 ;
; Report Source Assignments                                        ; On                 ; On                 ;
; Report Connectivity Checks                                       ; On                 ; On                 ;
; Ignore Maximum Fan-Out Assignments                               ; Off                ; Off                ;
; Synchronization Register Chain Length                            ; 2                  ; 2                  ;
; Power Optimization During Synthesis                              ; Normal compilation ; Normal compilation ;
; HDL message level                                                ; Level2             ; Level2             ;
; Suppress Register Optimization Related Messages                  ; Off                ; Off                ;
; Number of Removed Registers Reported in Synthesis Report         ; 5000               ; 5000               ;
; Number of Swept Nodes Reported in Synthesis Report               ; 5000               ; 5000               ;
; Number of Inverted Registers Reported in Synthesis Report        ; 100                ; 100                ;
; Clock MUX Protection                                             ; On                 ; On                 ;
; Auto Gated Clock Conversion                                      ; Off                ; Off                ;
; Block Design Naming                                              ; Auto               ; Auto               ;
; SDC constraint protection                                        ; Off                ; Off                ;
; Synthesis Effort                                                 ; Auto               ; Auto               ;
; Shift Register Replacement - Allow Asynchronous Clear Signal     ; On                 ; On                 ;
; Pre-Mapping Resynthesis Optimization                             ; Off                ; Off                ;
; Analysis & Synthesis Message Level                               ; Medium             ; Medium             ;
; Disable Register Merging Across Hierarchies                      ; Auto               ; Auto               ;
; Resource Aware Inference For Block RAM                           ; On                 ; On                 ;
+------------------------------------------------------------------+--------------------+--------------------+


+------------------------------------------+
; Parallel Compilation                     ;
+----------------------------+-------------+
; Processors                 ; Number      ;
+----------------------------+-------------+
; Number detected on machine ; 16          ;
; Maximum allowed            ; 16          ;
;                            ;             ;
; Average used               ; 1.02        ;
; Maximum used               ; 16          ;
;                            ;             ;
; Usage by Processor         ; % Time Used ;
;     Processor 1            ; 100.0%      ;
;     Processor 2            ;   0.1%      ;
;     Processors 3-16        ;   0.1%      ;
+----------------------------+-------------+


+-----------------------------------------------------------------------------------------------------------------------------------------------------------------------------------------------------------+
; Analysis & Synthesis Source Files Read                                                                                                                                                                    ;
+----------------------------------+-----------------+-------------------------------------------------------+------------------------------------------------------------------------------------+---------+
; File Name with User-Entered Path ; Used in Netlist ; File Type                                             ; File Name with Absolute Path                                                       ; Library ;
+----------------------------------+-----------------+-------------------------------------------------------+------------------------------------------------------------------------------------+---------+
; codes/sumador.vhd                ; yes             ; User VHDL File                                        ; C:/Users/link0/Desktop/Escuela/Arqui/Quartus/Pila/codes/sumador.vhd                ;         ;
; codes/ctrl_LCD.vhd               ; yes             ; User VHDL File                                        ; C:/Users/link0/Desktop/Escuela/Arqui/Quartus/Pila/codes/ctrl_LCD.vhd               ;         ;
; altsyncram.tdf                   ; yes             ; Megafunction                                          ; d:/quartus/quartus/libraries/megafunctions/altsyncram.tdf                          ;         ;
; stratix_ram_block.inc            ; yes             ; Megafunction                                          ; d:/quartus/quartus/libraries/megafunctions/stratix_ram_block.inc                   ;         ;
; lpm_mux.inc                      ; yes             ; Megafunction                                          ; d:/quartus/quartus/libraries/megafunctions/lpm_mux.inc                             ;         ;
; lpm_decode.inc                   ; yes             ; Megafunction                                          ; d:/quartus/quartus/libraries/megafunctions/lpm_decode.inc                          ;         ;
; aglobal211.inc                   ; yes             ; Megafunction                                          ; d:/quartus/quartus/libraries/megafunctions/aglobal211.inc                          ;         ;
; a_rdenreg.inc                    ; yes             ; Megafunction                                          ; d:/quartus/quartus/libraries/megafunctions/a_rdenreg.inc                           ;         ;
; altrom.inc                       ; yes             ; Megafunction                                          ; d:/quartus/quartus/libraries/megafunctions/altrom.inc                              ;         ;
; altram.inc                       ; yes             ; Megafunction                                          ; d:/quartus/quartus/libraries/megafunctions/altram.inc                              ;         ;
; altdpram.inc                     ; yes             ; Megafunction                                          ; d:/quartus/quartus/libraries/megafunctions/altdpram.inc                            ;         ;
; db/altsyncram_llh1.tdf           ; yes             ; Auto-Generated Megafunction                           ; C:/Users/link0/Desktop/Escuela/Arqui/Quartus/Pila/db/altsyncram_llh1.tdf           ;         ;
; db/Pila.ram0_Pila_29eaf5.hdl.mif ; yes             ; Auto-Generated Auto-Found Memory Initialization File  ; C:/Users/link0/Desktop/Escuela/Arqui/Quartus/Pila/db/Pila.ram0_Pila_29eaf5.hdl.mif ;         ;
+----------------------------------+-----------------+-------------------------------------------------------+------------------------------------------------------------------------------------+---------+


+---------------------------------------------------------+
; Analysis & Synthesis Resource Usage Summary             ;
+---------------------------------------------+-----------+
; Resource                                    ; Usage     ;
+---------------------------------------------+-----------+
; Estimated Total logic elements              ; 430       ;
;                                             ;           ;
; Total combinational functions               ; 418       ;
; Logic element usage by number of LUT inputs ;           ;
;     -- 4 input functions                    ; 174       ;
;     -- 3 input functions                    ; 78        ;
;     -- <=2 input functions                  ; 166       ;
;                                             ;           ;
; Logic elements by mode                      ;           ;
;     -- normal mode                          ; 281       ;
;     -- arithmetic mode                      ; 137       ;
;                                             ;           ;
; Total registers                             ; 94        ;
;     -- Dedicated logic registers            ; 94        ;
;     -- I/O registers                        ; 0         ;
;                                             ;           ;
; I/O pins                                    ; 61        ;
; Total memory bits                           ; 808       ;
;                                             ;           ;
; Embedded Multiplier 9-bit elements          ; 0         ;
;                                             ;           ;
; Maximum fan-out node                        ; clk~input ;
; Maximum fan-out                             ; 71        ;
; Total fan-out                               ; 1826      ;
; Average fan-out                             ; 2.84      ;
+---------------------------------------------+-----------+


+----------------------------------------------------------------------------------------------------------------------------------------------------------------------------------------------------------------------------------------------------------------------+
; Analysis & Synthesis Resource Utilization by Entity                                                                                                                                                                                                                  ;
+----------------------------------------+---------------------+---------------------------+-------------+--------------+---------+-----------+------+--------------+-----------------------------------------------------------------+-----------------+--------------+
; Compilation Hierarchy Node             ; Combinational ALUTs ; Dedicated Logic Registers ; Memory Bits ; DSP Elements ; DSP 9x9 ; DSP 18x18 ; Pins ; Virtual Pins ; Full Hierarchy Name                                             ; Entity Name     ; Library Name ;
+----------------------------------------+---------------------+---------------------------+-------------+--------------+---------+-----------+------+--------------+-----------------------------------------------------------------+-----------------+--------------+
; |Pila                                  ; 418 (418)           ; 94 (94)                   ; 808         ; 0            ; 0       ; 0         ; 61   ; 0            ; |Pila                                                           ;                 ;              ;
;    |altsyncram:stack_mem_rtl_0|        ; 0 (0)               ; 0 (0)                     ; 808         ; 0            ; 0       ; 0         ; 0    ; 0            ; |Pila|altsyncram:stack_mem_rtl_0                                ; altsyncram      ; work         ;
;       |altsyncram_llh1:auto_generated| ; 0 (0)               ; 0 (0)                     ; 808         ; 0            ; 0       ; 0         ; 0    ; 0            ; |Pila|altsyncram:stack_mem_rtl_0|altsyncram_llh1:auto_generated ; altsyncram_llh1 ; work         ;
+----------------------------------------+---------------------+---------------------------+-------------+--------------+---------+-----------+------+--------------+-----------------------------------------------------------------+-----------------+--------------+
Note: For table entries with two numbers listed, the numbers in parentheses indicate the number of resources of the given type used by the specific entity alone. The numbers listed outside of parentheses indicate the total resources of the given type used by the specific entity and all of its sub-entities in the hierarchy.


+------------------------------------------------------------------------------------------------------------------------------------------------------------------------------------------------------+
; Analysis & Synthesis RAM Summary                                                                                                                                                                     ;
+----------------------------------------------------------------------+------+------------------+--------------+--------------+--------------+--------------+------+----------------------------------+
; Name                                                                 ; Type ; Mode             ; Port A Depth ; Port A Width ; Port B Depth ; Port B Width ; Size ; MIF                              ;
+----------------------------------------------------------------------+------+------------------+--------------+--------------+--------------+--------------+------+----------------------------------+
; altsyncram:stack_mem_rtl_0|altsyncram_llh1:auto_generated|ALTSYNCRAM ; AUTO ; Simple Dual Port ; 101          ; 8            ; 101          ; 8            ; 808  ; db/Pila.ram0_Pila_29eaf5.hdl.mif ;
+----------------------------------------------------------------------+------+------------------+--------------+--------------+--------------+--------------+------+----------------------------------+


Encoding Type:  One-Hot
+-----------------------------------------------------------------------------------------------------------------------------------------------------------------------------------------------------------------------------------------------------------------------------------------+
; State Machine - |Pila|current_state                                                                                                                                                                                                                                                     ;
+-----------------------+------------------+------------------+--------------------+--------------------+---------------------+---------------------+--------------------+---------------------+--------------------+-----------------------+---------------------+-----------------------+
; Name                  ; current_state.L2 ; current_state.L1 ; current_state.ASK3 ; current_state.ASK2 ; current_state.MESG2 ; current_state.MESG1 ; current_state.ASK1 ; current_state.ENTRY ; current_state.D_ON ; current_state.LCD_CLR ; current_state.D_OFF ; current_state.LCD_INI ;
+-----------------------+------------------+------------------+--------------------+--------------------+---------------------+---------------------+--------------------+---------------------+--------------------+-----------------------+---------------------+-----------------------+
; current_state.LCD_INI ; 0                ; 0                ; 0                  ; 0                  ; 0                   ; 0                   ; 0                  ; 0                   ; 0                  ; 0                     ; 0                   ; 0                     ;
; current_state.D_OFF   ; 0                ; 0                ; 0                  ; 0                  ; 0                   ; 0                   ; 0                  ; 0                   ; 0                  ; 0                     ; 1                   ; 1                     ;
; current_state.LCD_CLR ; 0                ; 0                ; 0                  ; 0                  ; 0                   ; 0                   ; 0                  ; 0                   ; 0                  ; 1                     ; 0                   ; 1                     ;
; current_state.D_ON    ; 0                ; 0                ; 0                  ; 0                  ; 0                   ; 0                   ; 0                  ; 0                   ; 1                  ; 0                     ; 0                   ; 1                     ;
; current_state.ENTRY   ; 0                ; 0                ; 0                  ; 0                  ; 0                   ; 0                   ; 0                  ; 1                   ; 0                  ; 0                     ; 0                   ; 1                     ;
; current_state.ASK1    ; 0                ; 0                ; 0                  ; 0                  ; 0                   ; 0                   ; 1                  ; 0                   ; 0                  ; 0                     ; 0                   ; 1                     ;
; current_state.MESG1   ; 0                ; 0                ; 0                  ; 0                  ; 0                   ; 1                   ; 0                  ; 0                   ; 0                  ; 0                     ; 0                   ; 1                     ;
; current_state.MESG2   ; 0                ; 0                ; 0                  ; 0                  ; 1                   ; 0                   ; 0                  ; 0                   ; 0                  ; 0                     ; 0                   ; 1                     ;
; current_state.ASK2    ; 0                ; 0                ; 0                  ; 1                  ; 0                   ; 0                   ; 0                  ; 0                   ; 0                  ; 0                     ; 0                   ; 1                     ;
; current_state.ASK3    ; 0                ; 0                ; 1                  ; 0                  ; 0                   ; 0                   ; 0                  ; 0                   ; 0                  ; 0                     ; 0                   ; 1                     ;
; current_state.L1      ; 0                ; 1                ; 0                  ; 0                  ; 0                   ; 0                   ; 0                  ; 0                   ; 0                  ; 0                     ; 0                   ; 1                     ;
; current_state.L2      ; 1                ; 0                ; 0                  ; 0                  ; 0                   ; 0                   ; 0                  ; 0                   ; 0                  ; 0                     ; 0                   ; 1                     ;
+-----------------------+------------------+------------------+--------------------+--------------------+---------------------+---------------------+--------------------+---------------------+--------------------+-----------------------+---------------------+-----------------------+


Encoding Type:  One-Hot
+--------------------------------------------------------------------------------------------------------------------------------------------------------------------------------------------------------------------------------------------------+
; State Machine - |Pila|next_state                                                                                                                                                                                                                 ;
+--------------------+---------------+---------------+-----------------+-----------------+------------------+------------------+-----------------+------------------+-----------------+--------------------+------------------+--------------------+
; Name               ; next_state.L2 ; next_state.L1 ; next_state.ASK3 ; next_state.ASK2 ; next_state.MESG2 ; next_state.MESG1 ; next_state.ASK1 ; next_state.ENTRY ; next_state.D_ON ; next_state.LCD_CLR ; next_state.D_OFF ; next_state.LCD_INI ;
+--------------------+---------------+---------------+-----------------+-----------------+------------------+------------------+-----------------+------------------+-----------------+--------------------+------------------+--------------------+
; next_state.LCD_INI ; 0             ; 0             ; 0               ; 0               ; 0                ; 0                ; 0               ; 0                ; 0               ; 0                  ; 0                ; 0                  ;
; next_state.D_OFF   ; 0             ; 0             ; 0               ; 0               ; 0                ; 0                ; 0               ; 0                ; 0               ; 0                  ; 1                ; 1                  ;
; next_state.LCD_CLR ; 0             ; 0             ; 0               ; 0               ; 0                ; 0                ; 0               ; 0                ; 0               ; 1                  ; 0                ; 1                  ;
; next_state.D_ON    ; 0             ; 0             ; 0               ; 0               ; 0                ; 0                ; 0               ; 0                ; 1               ; 0                  ; 0                ; 1                  ;
; next_state.ENTRY   ; 0             ; 0             ; 0               ; 0               ; 0                ; 0                ; 0               ; 1                ; 0               ; 0                  ; 0                ; 1                  ;
; next_state.ASK1    ; 0             ; 0             ; 0               ; 0               ; 0                ; 0                ; 1               ; 0                ; 0               ; 0                  ; 0                ; 1                  ;
; next_state.MESG1   ; 0             ; 0             ; 0               ; 0               ; 0                ; 1                ; 0               ; 0                ; 0               ; 0                  ; 0                ; 1                  ;
; next_state.MESG2   ; 0             ; 0             ; 0               ; 0               ; 1                ; 0                ; 0               ; 0                ; 0               ; 0                  ; 0                ; 1                  ;
; next_state.ASK2    ; 0             ; 0             ; 0               ; 1               ; 0                ; 0                ; 0               ; 0                ; 0               ; 0                  ; 0                ; 1                  ;
; next_state.ASK3    ; 0             ; 0             ; 1               ; 0               ; 0                ; 0                ; 0               ; 0                ; 0               ; 0                  ; 0                ; 1                  ;
; next_state.L1      ; 0             ; 1             ; 0               ; 0               ; 0                ; 0                ; 0               ; 0                ; 0               ; 0                  ; 0                ; 1                  ;
; next_state.L2      ; 1             ; 0             ; 0               ; 0               ; 0                ; 0                ; 0               ; 0                ; 0               ; 0                  ; 0                ; 1                  ;
+--------------------+---------------+---------------+-----------------+-----------------+------------------+------------------+-----------------+------------------+-----------------+--------------------+------------------+--------------------+


+--------------------------------------------------------------------------------+
; Registers Removed During Synthesis                                             ;
+---------------------------------------+----------------------------------------+
; Register name                         ; Reason for Removal                     ;
+---------------------------------------+----------------------------------------+
; \LCD:contador[3]                      ; Stuck at GND due to stuck port data_in ;
; Total Number of Removed Registers = 1 ;                                        ;
+---------------------------------------+----------------------------------------+


+------------------------------------------------------+
; General Register Statistics                          ;
+----------------------------------------------+-------+
; Statistic                                    ; Value ;
+----------------------------------------------+-------+
; Total registers                              ; 94    ;
; Number of registers using Synchronous Clear  ; 14    ;
; Number of registers using Synchronous Load   ; 29    ;
; Number of registers using Asynchronous Clear ; 48    ;
; Number of registers using Asynchronous Load  ; 0     ;
; Number of registers using Clock Enable       ; 31    ;
; Number of registers using Preset             ; 0     ;
+----------------------------------------------+-------+


+--------------------------------------------------+
; Inverted Register Statistics                     ;
+----------------------------------------+---------+
; Inverted Register                      ; Fan out ;
+----------------------------------------+---------+
; \pila:stack_ptr[5]                     ; 4       ;
; \pila:stack_ptr[2]                     ; 4       ;
; \pila:stack_ptr[6]                     ; 4       ;
; Total number of inverted registers = 3 ;         ;
+----------------------------------------+---------+


+----------------------------------------------+
; Registers Packed Into Inferred Megafunctions ;
+-----------------+-----------------+----------+
; Register Name   ; Megafunction    ; Type     ;
+-----------------+-----------------+----------+
; resultado[0..7] ; stack_mem_rtl_0 ; RAM      ;
+-----------------+-----------------+----------+


+------------------------------------------------------------------------------------------------------------------------------------------+
; Multiplexer Restructuring Statistics (Restructuring Performed)                                                                           ;
+--------------------+-----------+---------------+----------------------+------------------------+------------+----------------------------+
; Multiplexer Inputs ; Bus Width ; Baseline Area ; Area if Restructured ; Saving if Restructured ; Registered ; Example Multiplexer Output ;
+--------------------+-----------+---------------+----------------------+------------------------+------------+----------------------------+
; 3:1                ; 29 bits   ; 58 LEs        ; 58 LEs               ; 0 LEs                  ; Yes        ; |Pila|\pila:stack_ptr[21]  ;
; 4:1                ; 4 bits    ; 8 LEs         ; 4 LEs                ; 4 LEs                  ; Yes        ; |Pila|\LCD:contador2[3]    ;
; 6:1                ; 4 bits    ; 16 LEs        ; 4 LEs                ; 12 LEs                 ; Yes        ; |Pila|\LCD:contador[3]     ;
; 6:1                ; 2 bits    ; 8 LEs         ; 0 LEs                ; 8 LEs                  ; Yes        ; |Pila|E~reg0               ;
; 3:1                ; 3 bits    ; 6 LEs         ; 6 LEs                ; 0 LEs                  ; Yes        ; |Pila|\pila:stack_ptr[6]   ;
; 3:1                ; 32 bits   ; 64 LEs        ; 64 LEs               ; 0 LEs                  ; No         ; |Pila|stack_ptr            ;
; 6:1                ; 2 bits    ; 8 LEs         ; 4 LEs                ; 4 LEs                  ; No         ; |Pila|Selector16           ;
+--------------------+-----------+---------------+----------------------+------------------------+------------+----------------------------+


+----------------------------------------------------------------------------------+
; Source assignments for altsyncram:stack_mem_rtl_0|altsyncram_llh1:auto_generated ;
+---------------------------------+--------------------+------+--------------------+
; Assignment                      ; Value              ; From ; To                 ;
+---------------------------------+--------------------+------+--------------------+
; OPTIMIZE_POWER_DURING_SYNTHESIS ; NORMAL_COMPILATION ; -    ; -                  ;
+---------------------------------+--------------------+------+--------------------+


+----------------------------------------------------------------------------------------+
; Parameter Settings for Inferred Entity Instance: altsyncram:stack_mem_rtl_0            ;
+------------------------------------+----------------------------------+----------------+
; Parameter Name                     ; Value                            ; Type           ;
+------------------------------------+----------------------------------+----------------+
; BYTE_SIZE_BLOCK                    ; 8                                ; Untyped        ;
; AUTO_CARRY_CHAINS                  ; ON                               ; AUTO_CARRY     ;
; IGNORE_CARRY_BUFFERS               ; OFF                              ; IGNORE_CARRY   ;
; AUTO_CASCADE_CHAINS                ; ON                               ; AUTO_CASCADE   ;
; IGNORE_CASCADE_BUFFERS             ; OFF                              ; IGNORE_CASCADE ;
; WIDTH_BYTEENA                      ; 1                                ; Untyped        ;
; OPERATION_MODE                     ; DUAL_PORT                        ; Untyped        ;
; WIDTH_A                            ; 8                                ; Untyped        ;
; WIDTHAD_A                          ; 7                                ; Untyped        ;
; NUMWORDS_A                         ; 101                              ; Untyped        ;
; OUTDATA_REG_A                      ; UNREGISTERED                     ; Untyped        ;
; ADDRESS_ACLR_A                     ; NONE                             ; Untyped        ;
; OUTDATA_ACLR_A                     ; NONE                             ; Untyped        ;
; WRCONTROL_ACLR_A                   ; NONE                             ; Untyped        ;
; INDATA_ACLR_A                      ; NONE                             ; Untyped        ;
; BYTEENA_ACLR_A                     ; NONE                             ; Untyped        ;
; WIDTH_B                            ; 8                                ; Untyped        ;
; WIDTHAD_B                          ; 7                                ; Untyped        ;
; NUMWORDS_B                         ; 101                              ; Untyped        ;
; INDATA_REG_B                       ; CLOCK1                           ; Untyped        ;
; WRCONTROL_WRADDRESS_REG_B          ; CLOCK1                           ; Untyped        ;
; RDCONTROL_REG_B                    ; CLOCK1                           ; Untyped        ;
; ADDRESS_REG_B                      ; CLOCK1                           ; Untyped        ;
; OUTDATA_REG_B                      ; UNREGISTERED                     ; Untyped        ;
; BYTEENA_REG_B                      ; CLOCK1                           ; Untyped        ;
; INDATA_ACLR_B                      ; NONE                             ; Untyped        ;
; WRCONTROL_ACLR_B                   ; NONE                             ; Untyped        ;
; ADDRESS_ACLR_B                     ; NONE                             ; Untyped        ;
; OUTDATA_ACLR_B                     ; NONE                             ; Untyped        ;
; RDCONTROL_ACLR_B                   ; NONE                             ; Untyped        ;
; BYTEENA_ACLR_B                     ; NONE                             ; Untyped        ;
; WIDTH_BYTEENA_A                    ; 1                                ; Untyped        ;
; WIDTH_BYTEENA_B                    ; 1                                ; Untyped        ;
; RAM_BLOCK_TYPE                     ; AUTO                             ; Untyped        ;
; BYTE_SIZE                          ; 8                                ; Untyped        ;
; READ_DURING_WRITE_MODE_MIXED_PORTS ; DONT_CARE                        ; Untyped        ;
; READ_DURING_WRITE_MODE_PORT_A      ; NEW_DATA_NO_NBE_READ             ; Untyped        ;
; READ_DURING_WRITE_MODE_PORT_B      ; NEW_DATA_NO_NBE_READ             ; Untyped        ;
; INIT_FILE                          ; db/Pila.ram0_Pila_29eaf5.hdl.mif ; Untyped        ;
; INIT_FILE_LAYOUT                   ; PORT_A                           ; Untyped        ;
; MAXIMUM_DEPTH                      ; 0                                ; Untyped        ;
; CLOCK_ENABLE_INPUT_A               ; NORMAL                           ; Untyped        ;
; CLOCK_ENABLE_INPUT_B               ; NORMAL                           ; Untyped        ;
; CLOCK_ENABLE_OUTPUT_A              ; NORMAL                           ; Untyped        ;
; CLOCK_ENABLE_OUTPUT_B              ; NORMAL                           ; Untyped        ;
; CLOCK_ENABLE_CORE_A                ; USE_INPUT_CLKEN                  ; Untyped        ;
; CLOCK_ENABLE_CORE_B                ; USE_INPUT_CLKEN                  ; Untyped        ;
; ENABLE_ECC                         ; FALSE                            ; Untyped        ;
; ECC_PIPELINE_STAGE_ENABLED         ; FALSE                            ; Untyped        ;
; WIDTH_ECCSTATUS                    ; 3                                ; Untyped        ;
; DEVICE_FAMILY                      ; Cyclone IV E                     ; Untyped        ;
; CBXI_PARAMETER                     ; altsyncram_llh1                  ; Untyped        ;
+------------------------------------+----------------------------------+----------------+
Note: In order to hide this table in the UI and the text report file, please set the "Show Parameter Settings in Synthesis Report" option in "Analysis and Synthesis Settings -> More Settings" to "Off".


+------------------------------------------------------------------------+
; altsyncram Parameter Settings by Entity Instance                       ;
+-------------------------------------------+----------------------------+
; Name                                      ; Value                      ;
+-------------------------------------------+----------------------------+
; Number of entity instances                ; 1                          ;
; Entity Instance                           ; altsyncram:stack_mem_rtl_0 ;
;     -- OPERATION_MODE                     ; DUAL_PORT                  ;
;     -- WIDTH_A                            ; 8                          ;
;     -- NUMWORDS_A                         ; 101                        ;
;     -- OUTDATA_REG_A                      ; UNREGISTERED               ;
;     -- WIDTH_B                            ; 8                          ;
;     -- NUMWORDS_B                         ; 101                        ;
;     -- ADDRESS_REG_B                      ; CLOCK1                     ;
;     -- OUTDATA_REG_B                      ; UNREGISTERED               ;
;     -- RAM_BLOCK_TYPE                     ; AUTO                       ;
;     -- READ_DURING_WRITE_MODE_MIXED_PORTS ; DONT_CARE                  ;
+-------------------------------------------+----------------------------+


+-----------------------------------------------------+
; Post-Synthesis Netlist Statistics for Top Partition ;
+-----------------------+-----------------------------+
; Type                  ; Count                       ;
+-----------------------+-----------------------------+
; boundary_port         ; 61                          ;
; cycloneiii_ff         ; 94                          ;
;     CLR               ; 7                           ;
;     CLR SLD           ; 29                          ;
;     ENA               ; 5                           ;
;     ENA CLR           ; 12                          ;
;     ENA SCLR          ; 14                          ;
;     plain             ; 27                          ;
; cycloneiii_lcell_comb ; 422                         ;
;     arith             ; 137                         ;
;         2 data inputs ; 105                         ;
;         3 data inputs ; 32                          ;
;     normal            ; 285                         ;
;         0 data inputs ; 2                           ;
;         1 data inputs ; 8                           ;
;         2 data inputs ; 55                          ;
;         3 data inputs ; 46                          ;
;         4 data inputs ; 174                         ;
; cycloneiii_ram_block  ; 8                           ;
;                       ;                             ;
; Max LUT depth         ; 18.40                       ;
; Average LUT depth     ; 10.45                       ;
+-----------------------+-----------------------------+


+-------------------------------+
; Elapsed Time Per Partition    ;
+----------------+--------------+
; Partition Name ; Elapsed Time ;
+----------------+--------------+
; Top            ; 00:00:03     ;
+----------------+--------------+


+-------------------------------+
; Analysis & Synthesis Messages ;
+-------------------------------+
Info: *******************************************************************
Info: Running Quartus Prime Analysis & Synthesis
    Info: Version 21.1.0 Build 842 10/21/2021 SJ Lite Edition
    Info: Processing started: Fri May  6 00:13:56 2022
Info: Command: quartus_map --read_settings_files=on --write_settings_files=off Pila -c Pila
Warning (18236): Number of processors has not been specified which may cause overloading on shared machines.  Set the global assignment NUM_PARALLEL_PROCESSORS in your QSF to an appropriate value for best performance.
Info (20030): Parallel compilation is enabled and will use 16 of the 16 processors detected
Info (12021): Found 2 design units, including 1 entities, in source file codes/sumador.vhd
    Info (12022): Found design unit 1: Pila-Asumador File: C:/Users/link0/Desktop/Escuela/Arqui/Quartus/Pila/codes/sumador.vhd Line: 16
    Info (12023): Found entity 1: Pila File: C:/Users/link0/Desktop/Escuela/Arqui/Quartus/Pila/codes/sumador.vhd Line: 5
Info (12021): Found 2 design units, including 0 entities, in source file codes/ctrl_lcd.vhd
    Info (12022): Found design unit 1: ctrl_LCD File: C:/Users/link0/Desktop/Escuela/Arqui/Quartus/Pila/codes/ctrl_LCD.vhd Line: 27
    Info (12022): Found design unit 2: ctrl_LCD-body File: C:/Users/link0/Desktop/Escuela/Arqui/Quartus/Pila/codes/ctrl_LCD.vhd Line: 94
Warning (12162): EDA synthesis tool is specified as "Custom", but Library Mapping File is not specified
Warning (12163): EDA synthesis tool is specified as "Custom", but VCC is not specified
Warning (12164): EDA synthesis tool is specified as "Custom", but GND is not specified
Info (12127): Elaborating entity "Pila" for the top level hierarchy
Warning (10541): VHDL Signal Declaration warning at sumador.vhd(8): used implicit default value for signal "D4" because signal was never assigned a value or an explicit default value. Use of implicit default value may introduce unintended design optimizations. File: C:/Users/link0/Desktop/Escuela/Arqui/Quartus/Pila/codes/sumador.vhd Line: 8
Warning (10541): VHDL Signal Declaration warning at sumador.vhd(8): used implicit default value for signal "D5" because signal was never assigned a value or an explicit default value. Use of implicit default value may introduce unintended design optimizations. File: C:/Users/link0/Desktop/Escuela/Arqui/Quartus/Pila/codes/sumador.vhd Line: 8
Warning (10541): VHDL Signal Declaration warning at sumador.vhd(12): used implicit default value for signal "RW" because signal was never assigned a value or an explicit default value. Use of implicit default value may introduce unintended design optimizations. File: C:/Users/link0/Desktop/Escuela/Arqui/Quartus/Pila/codes/sumador.vhd Line: 12
Warning (10036): Verilog HDL or VHDL warning at sumador.vhd(21): object "SP" assigned a value but never read File: C:/Users/link0/Desktop/Escuela/Arqui/Quartus/Pila/codes/sumador.vhd Line: 21
Warning (10543): VHDL Variable Declaration warning at ctrl_LCD.vhd(153): used default initial value for variable "Cout" because variable was never assigned a value or an initial value expression. Use of default initial value may introduce unintended design optimizations. File: C:/Users/link0/Desktop/Escuela/Arqui/Quartus/Pila/codes/ctrl_LCD.vhd Line: 153
Warning (276027): Inferred dual-clock RAM node "stack_mem_rtl_0" from synchronous design logic.  The read-during-write behavior of a dual-clock RAM is undefined and may not match the behavior of the original design.
Info (19000): Inferred 1 megafunctions from design logic
    Info (276029): Inferred altsyncram megafunction from the following design logic: "stack_mem_rtl_0" 
        Info (286033): Parameter OPERATION_MODE set to DUAL_PORT
        Info (286033): Parameter WIDTH_A set to 8
        Info (286033): Parameter WIDTHAD_A set to 7
        Info (286033): Parameter NUMWORDS_A set to 101
        Info (286033): Parameter WIDTH_B set to 8
        Info (286033): Parameter WIDTHAD_B set to 7
        Info (286033): Parameter NUMWORDS_B set to 101
        Info (286033): Parameter ADDRESS_ACLR_A set to NONE
        Info (286033): Parameter OUTDATA_REG_B set to UNREGISTERED
        Info (286033): Parameter ADDRESS_ACLR_B set to NONE
        Info (286033): Parameter OUTDATA_ACLR_B set to NONE
        Info (286033): Parameter ADDRESS_REG_B set to CLOCK1
        Info (286033): Parameter INDATA_ACLR_A set to NONE
        Info (286033): Parameter WRCONTROL_ACLR_A set to NONE
        Info (286033): Parameter INIT_FILE set to db/Pila.ram0_Pila_29eaf5.hdl.mif
Info (12130): Elaborated megafunction instantiation "altsyncram:stack_mem_rtl_0"
Info (12133): Instantiated megafunction "altsyncram:stack_mem_rtl_0" with the following parameter:
    Info (12134): Parameter "OPERATION_MODE" = "DUAL_PORT"
    Info (12134): Parameter "WIDTH_A" = "8"
    Info (12134): Parameter "WIDTHAD_A" = "7"
    Info (12134): Parameter "NUMWORDS_A" = "101"
    Info (12134): Parameter "WIDTH_B" = "8"
    Info (12134): Parameter "WIDTHAD_B" = "7"
    Info (12134): Parameter "NUMWORDS_B" = "101"
    Info (12134): Parameter "ADDRESS_ACLR_A" = "NONE"
    Info (12134): Parameter "OUTDATA_REG_B" = "UNREGISTERED"
    Info (12134): Parameter "ADDRESS_ACLR_B" = "NONE"
    Info (12134): Parameter "OUTDATA_ACLR_B" = "NONE"
    Info (12134): Parameter "ADDRESS_REG_B" = "CLOCK1"
    Info (12134): Parameter "INDATA_ACLR_A" = "NONE"
    Info (12134): Parameter "WRCONTROL_ACLR_A" = "NONE"
    Info (12134): Parameter "INIT_FILE" = "db/Pila.ram0_Pila_29eaf5.hdl.mif"
Info (12021): Found 1 design units, including 1 entities, in source file db/altsyncram_llh1.tdf
    Info (12023): Found entity 1: altsyncram_llh1 File: C:/Users/link0/Desktop/Escuela/Arqui/Quartus/Pila/db/altsyncram_llh1.tdf Line: 28
Warning (113028): 27 out of 128 addresses are uninitialized. The Quartus Prime software will initialize them to "0". There are 1 warnings found, and 1 warnings are reported. File: C:/Users/link0/Desktop/Escuela/Arqui/Quartus/Pila/db/Pila.ram0_Pila_29eaf5.hdl.mif Line: 1
    Warning (113027): Addresses ranging from 101 to 127 are not initialized File: C:/Users/link0/Desktop/Escuela/Arqui/Quartus/Pila/db/Pila.ram0_Pila_29eaf5.hdl.mif Line: 1
Critical Warning (127004): Memory depth (101) in the design file differs from memory depth (128) in the Memory Initialization File "C:/Users/link0/Desktop/Escuela/Arqui/Quartus/Pila/db/Pila.ram0_Pila_29eaf5.hdl.mif" -- truncated remaining initial content value to fit RAM File: d:/quartus/quartus/libraries/megafunctions/altsyncram.tdf Line: 792
Warning (12162): EDA synthesis tool is specified as "Custom", but Library Mapping File is not specified
Warning (12163): EDA synthesis tool is specified as "Custom", but VCC is not specified
Warning (12164): EDA synthesis tool is specified as "Custom", but GND is not specified
Warning (13024): Output pins are stuck at VCC or GND
    Warning (13410): Pin "D3[0]" is stuck at VCC File: C:/Users/link0/Desktop/Escuela/Arqui/Quartus/Pila/codes/sumador.vhd Line: 8
    Warning (13410): Pin "D3[1]" is stuck at GND File: C:/Users/link0/Desktop/Escuela/Arqui/Quartus/Pila/codes/sumador.vhd Line: 8
    Warning (13410): Pin "D3[2]" is stuck at GND File: C:/Users/link0/Desktop/Escuela/Arqui/Quartus/Pila/codes/sumador.vhd Line: 8
    Warning (13410): Pin "D3[3]" is stuck at VCC File: C:/Users/link0/Desktop/Escuela/Arqui/Quartus/Pila/codes/sumador.vhd Line: 8
    Warning (13410): Pin "D3[4]" is stuck at VCC File: C:/Users/link0/Desktop/Escuela/Arqui/Quartus/Pila/codes/sumador.vhd Line: 8
    Warning (13410): Pin "D3[5]" is stuck at VCC File: C:/Users/link0/Desktop/Escuela/Arqui/Quartus/Pila/codes/sumador.vhd Line: 8
    Warning (13410): Pin "D3[6]" is stuck at GND File: C:/Users/link0/Desktop/Escuela/Arqui/Quartus/Pila/codes/sumador.vhd Line: 8
    Warning (13410): Pin "D4[0]" is stuck at GND File: C:/Users/link0/Desktop/Escuela/Arqui/Quartus/Pila/codes/sumador.vhd Line: 8
    Warning (13410): Pin "D4[1]" is stuck at GND File: C:/Users/link0/Desktop/Escuela/Arqui/Quartus/Pila/codes/sumador.vhd Line: 8
    Warning (13410): Pin "D4[2]" is stuck at GND File: C:/Users/link0/Desktop/Escuela/Arqui/Quartus/Pila/codes/sumador.vhd Line: 8
    Warning (13410): Pin "D4[3]" is stuck at GND File: C:/Users/link0/Desktop/Escuela/Arqui/Quartus/Pila/codes/sumador.vhd Line: 8
    Warning (13410): Pin "D4[4]" is stuck at GND File: C:/Users/link0/Desktop/Escuela/Arqui/Quartus/Pila/codes/sumador.vhd Line: 8
    Warning (13410): Pin "D4[5]" is stuck at GND File: C:/Users/link0/Desktop/Escuela/Arqui/Quartus/Pila/codes/sumador.vhd Line: 8
    Warning (13410): Pin "D4[6]" is stuck at GND File: C:/Users/link0/Desktop/Escuela/Arqui/Quartus/Pila/codes/sumador.vhd Line: 8
    Warning (13410): Pin "D5[0]" is stuck at GND File: C:/Users/link0/Desktop/Escuela/Arqui/Quartus/Pila/codes/sumador.vhd Line: 8
    Warning (13410): Pin "D5[1]" is stuck at GND File: C:/Users/link0/Desktop/Escuela/Arqui/Quartus/Pila/codes/sumador.vhd Line: 8
    Warning (13410): Pin "D5[2]" is stuck at GND File: C:/Users/link0/Desktop/Escuela/Arqui/Quartus/Pila/codes/sumador.vhd Line: 8
    Warning (13410): Pin "D5[3]" is stuck at GND File: C:/Users/link0/Desktop/Escuela/Arqui/Quartus/Pila/codes/sumador.vhd Line: 8
    Warning (13410): Pin "D5[4]" is stuck at GND File: C:/Users/link0/Desktop/Escuela/Arqui/Quartus/Pila/codes/sumador.vhd Line: 8
    Warning (13410): Pin "D5[5]" is stuck at GND File: C:/Users/link0/Desktop/Escuela/Arqui/Quartus/Pila/codes/sumador.vhd Line: 8
    Warning (13410): Pin "D5[6]" is stuck at GND File: C:/Users/link0/Desktop/Escuela/Arqui/Quartus/Pila/codes/sumador.vhd Line: 8
    Warning (13410): Pin "RW" is stuck at GND File: C:/Users/link0/Desktop/Escuela/Arqui/Quartus/Pila/codes/sumador.vhd Line: 12
Info (286030): Timing-Driven Synthesis is running
Info (16010): Generating hard_block partition "hard_block:auto_generated_inst"
    Info (16011): Adding 0 node(s), including 0 DDIO, 0 PLL, 0 transceiver and 0 LCELL
Info (21057): Implemented 528 device resources after synthesis - the final resource count might be different
    Info (21058): Implemented 13 input pins
    Info (21059): Implemented 48 output pins
    Info (21061): Implemented 459 logic cells
    Info (21064): Implemented 8 RAM segments
Info: Quartus Prime Analysis & Synthesis was successful. 0 errors, 39 warnings
    Info: Peak virtual memory: 4913 megabytes
    Info: Processing ended: Fri May  6 00:14:09 2022
    Info: Elapsed time: 00:00:13
    Info: Total CPU time (on all processors): 00:00:27


