-- all messages logged in file C:/Users/link0/Desktop/Escuela/Arqui/Practica1/impl1/reveal_error.log
-- Analyzing VHDL file 'D:/School Programs/Diamond/diamond/3.12/ispfpga/vhdl_packages/vh2008/std/standard_2008.vhd' (VHDL-1481)
D:/School Programs/Diamond/diamond/3.12/ispfpga/vhdl_packages/vh2008/std/standard_2008.vhd(9): INFO: analyzing package 'standard' (VHDL-1014)
-- Analyzing VHDL file 'D:/School Programs/Diamond/diamond/3.12/ispfpga/vhdl_packages/vh2008/std/textio_2008.vhd' (VHDL-1481)
D:/School Programs/Diamond/diamond/3.12/ispfpga/vhdl_packages/vh2008/std/textio_2008.vhd(13): INFO: analyzing package 'textio' (VHDL-1014)
D:/School Programs/Diamond/diamond/3.12/ispfpga/vhdl_packages/vh2008/std/textio_2008.vhd(157): INFO: analyzing package body 'textio' (VHDL-1013)
-- Analyzing VHDL file 'D:/School Programs/Diamond/diamond/3.12/ispfpga/vhdl_packages/vh2008/std/env_2008.vhd' (VHDL-1481)
D:/School Programs/Diamond/diamond/3.12/ispfpga/vhdl_packages/vh2008/std/env_2008.vhd(8): INFO: analyzing package 'env' (VHDL-1014)
-- Analyzing VHDL file 'D:/School Programs/Diamond/diamond/3.12/ispfpga/vhdl_packages/vh2008/ieee/std_logic_1164_2008.vhd' (VHDL-1481)
D:/School Programs/Diamond/diamond/3.12/ispfpga/vhdl_packages/vh2008/ieee/std_logic_1164_2008.vhd(59): INFO: analyzing package 'std_logic_1164' (VHDL-1014)
D:/School Programs/Diamond/diamond/3.12/ispfpga/vhdl_packages/vh2008/ieee/std_logic_1164_2008.vhd(390): INFO: analyzing package body 'std_logic_1164' (VHDL-1013)
-- Analyzing VHDL file 'D:/School Programs/Diamond/diamond/3.12/ispfpga/vhdl_packages/vh2008/ieee/std_logic_textio.vhdl' (VHDL-1481)
D:/School Programs/Diamond/diamond/3.12/ispfpga/vhdl_packages/vh2008/ieee/std_logic_textio.vhdl(47): INFO: analyzing package 'std_logic_textio' (VHDL-1014)
-- Analyzing VHDL file 'D:/School Programs/Diamond/diamond/3.12/ispfpga/vhdl_packages/vh2008/ieee/numeric_std_2008.vhd' (VHDL-1481)
D:/School Programs/Diamond/diamond/3.12/ispfpga/vhdl_packages/vh2008/ieee/numeric_std_2008.vhd(72): INFO: analyzing package 'numeric_std' (VHDL-1014)
D:/School Programs/Diamond/diamond/3.12/ispfpga/vhdl_packages/vh2008/ieee/numeric_std_2008.vhd(1770): INFO: analyzing package body 'numeric_std' (VHDL-1013)
-- Analyzing VHDL file 'D:/School Programs/Diamond/diamond/3.12/ispfpga/vhdl_packages/vh2008/ieee/numeric_std_unsigned_2008.vhd' (VHDL-1481)
D:/School Programs/Diamond/diamond/3.12/ispfpga/vhdl_packages/vh2008/ieee/numeric_std_unsigned_2008.vhd(58): INFO: analyzing package 'numeric_std_unsigned' (VHDL-1014)
D:/School Programs/Diamond/diamond/3.12/ispfpga/vhdl_packages/vh2008/ieee/numeric_std_unsigned_2008.vhd(679): INFO: analyzing package body 'numeric_std_unsigned' (VHDL-1013)
-- Analyzing VHDL file 'D:/School Programs/Diamond/diamond/3.12/ispfpga/vhdl_packages/vh2008/ieee/numeric_bit.vhdl' (VHDL-1481)
D:/School Programs/Diamond/diamond/3.12/ispfpga/vhdl_packages/vh2008/ieee/numeric_bit.vhdl(62): INFO: analyzing package 'numeric_bit' (VHDL-1014)
-- Analyzing VHDL file 'D:/School Programs/Diamond/diamond/3.12/ispfpga/vhdl_packages/vh2008/ieee/numeric_bit-body.vhdl' (VHDL-1481)
D:/School Programs/Diamond/diamond/3.12/ispfpga/vhdl_packages/vh2008/ieee/numeric_bit-body.vhdl(60): INFO: analyzing package body 'numeric_bit' (VHDL-1013)
-- Analyzing VHDL file 'D:/School Programs/Diamond/diamond/3.12/ispfpga/vhdl_packages/vh2008/ieee/numeric_bit_unsigned.vhdl' (VHDL-1481)
D:/School Programs/Diamond/diamond/3.12/ispfpga/vhdl_packages/vh2008/ieee/numeric_bit_unsigned.vhdl(56): INFO: analyzing package 'numeric_bit_unsigned' (VHDL-1014)
-- Analyzing VHDL file 'D:/School Programs/Diamond/diamond/3.12/ispfpga/vhdl_packages/vh2008/ieee/numeric_bit_unsigned-body.vhdl' (VHDL-1481)
D:/School Programs/Diamond/diamond/3.12/ispfpga/vhdl_packages/vh2008/ieee/numeric_bit_unsigned-body.vhdl(59): INFO: analyzing package body 'numeric_bit_unsigned' (VHDL-1013)
-- Analyzing VHDL file 'D:/School Programs/Diamond/diamond/3.12/ispfpga/vhdl_packages/vh2008/ieee/math_real.vhdl' (VHDL-1481)
D:/School Programs/Diamond/diamond/3.12/ispfpga/vhdl_packages/vh2008/ieee/math_real.vhdl(54): INFO: analyzing package 'math_real' (VHDL-1014)
-- Analyzing VHDL file 'D:/School Programs/Diamond/diamond/3.12/ispfpga/vhdl_packages/vh2008/ieee/math_real-body.vhdl' (VHDL-1481)
D:/School Programs/Diamond/diamond/3.12/ispfpga/vhdl_packages/vh2008/ieee/math_real-body.vhdl(54): INFO: analyzing package body 'math_real' (VHDL-1013)
-- Analyzing VHDL file 'D:/School Programs/Diamond/diamond/3.12/ispfpga/vhdl_packages/vh2008/ieee/math_complex.vhdl' (VHDL-1481)
D:/School Programs/Diamond/diamond/3.12/ispfpga/vhdl_packages/vh2008/ieee/math_complex.vhdl(55): INFO: analyzing package 'math_complex' (VHDL-1014)
-- Analyzing VHDL file 'D:/School Programs/Diamond/diamond/3.12/ispfpga/vhdl_packages/vh2008/ieee/math_complex-body.vhdl' (VHDL-1481)
D:/School Programs/Diamond/diamond/3.12/ispfpga/vhdl_packages/vh2008/ieee/math_complex-body.vhdl(56): INFO: analyzing package body 'math_complex' (VHDL-1013)
-- Analyzing VHDL file 'D:/School Programs/Diamond/diamond/3.12/ispfpga/vhdl_packages/vh2008/ieee/fixed_float_types.vhdl' (VHDL-1481)
D:/School Programs/Diamond/diamond/3.12/ispfpga/vhdl_packages/vh2008/ieee/fixed_float_types.vhdl(46): INFO: analyzing package 'fixed_float_types' (VHDL-1014)
-- Analyzing VHDL file 'D:/School Programs/Diamond/diamond/3.12/ispfpga/vhdl_packages/vh2008/ieee/fixed_generic_pkg.vhdl' (VHDL-1481)
D:/School Programs/Diamond/diamond/3.12/ispfpga/vhdl_packages/vh2008/ieee/fixed_generic_pkg.vhdl(52): INFO: analyzing package 'fixed_generic_pkg' (VHDL-1014)
-- Analyzing VHDL file 'D:/School Programs/Diamond/diamond/3.12/ispfpga/vhdl_packages/vh2008/ieee/fixed_generic_pkg-body.vhdl' (VHDL-1481)
D:/School Programs/Diamond/diamond/3.12/ispfpga/vhdl_packages/vh2008/ieee/fixed_generic_pkg-body.vhdl(49): INFO: analyzing package body 'fixed_generic_pkg' (VHDL-1013)
-- Analyzing VHDL file 'D:/School Programs/Diamond/diamond/3.12/ispfpga/vhdl_packages/vh2008/ieee/float_generic_pkg.vhdl' (VHDL-1481)
D:/School Programs/Diamond/diamond/3.12/ispfpga/vhdl_packages/vh2008/ieee/float_generic_pkg.vhdl(52): INFO: analyzing package 'float_generic_pkg' (VHDL-1014)
-- Analyzing VHDL file 'D:/School Programs/Diamond/diamond/3.12/ispfpga/vhdl_packages/vh2008/ieee/float_generic_pkg-body.vhdl' (VHDL-1481)
D:/School Programs/Diamond/diamond/3.12/ispfpga/vhdl_packages/vh2008/ieee/float_generic_pkg-body.vhdl(46): INFO: analyzing package body 'float_generic_pkg' (VHDL-1013)
-- Analyzing VHDL file 'D:/School Programs/Diamond/diamond/3.12/ispfpga/vhdl_packages/vh2008/ieee/fixed_pkg.vhdl' (VHDL-1481)
-- Analyzing VHDL file 'D:/School Programs/Diamond/diamond/3.12/ispfpga/vhdl_packages/vh2008/ieee/float_pkg.vhdl' (VHDL-1481)
-- Analyzing VHDL file 'D:/School Programs/Diamond/diamond/3.12/ispfpga/vhdl_packages/vh2008/ieee/ieee_bit_context.vhd' (VHDL-1481)
-- Analyzing VHDL file 'D:/School Programs/Diamond/diamond/3.12/ispfpga/vhdl_packages/vh2008/ieee/ieee_std_context.vhd' (VHDL-1481)
-- Analyzing VHDL file 'D:/School Programs/Diamond/diamond/3.12/ispfpga/vhdl_packages/syn_attr.vhd' (VHDL-1481)
D:/School Programs/Diamond/diamond/3.12/ispfpga/vhdl_packages/syn_attr.vhd(39): INFO: analyzing package 'attributes' (VHDL-1014)
-- Analyzing VHDL file 'D:/School Programs/Diamond/diamond/3.12/ispfpga/vhdl_packages/vh2008/ieee/syn_misc_2008.vhd' (VHDL-1481)
D:/School Programs/Diamond/diamond/3.12/ispfpga/vhdl_packages/vh2008/ieee/syn_misc_2008.vhd(25): INFO: analyzing package 'std_logic_misc' (VHDL-1014)
D:/School Programs/Diamond/diamond/3.12/ispfpga/vhdl_packages/vh2008/ieee/syn_misc_2008.vhd(179): INFO: analyzing package body 'std_logic_misc' (VHDL-1013)
-- Analyzing VHDL file 'D:/School Programs/Diamond/diamond/3.12/ispfpga/vhdl_packages/vh2008/arithmetic/mgc_arit_2008.vhd' (VHDL-1481)
D:/School Programs/Diamond/diamond/3.12/ispfpga/vhdl_packages/vh2008/arithmetic/mgc_arit_2008.vhd(22): INFO: analyzing package 'std_logic_arith' (VHDL-1014)
D:/School Programs/Diamond/diamond/3.12/ispfpga/vhdl_packages/vh2008/arithmetic/mgc_arit_2008.vhd(276): INFO: analyzing package body 'std_logic_arith' (VHDL-1013)
-- Analyzing VHDL file 'D:/School Programs/Diamond/diamond/3.12/ispfpga/vhdl_packages/mixed_lang_vltype.vhd' (VHDL-1481)
D:/School Programs/Diamond/diamond/3.12/ispfpga/vhdl_packages/mixed_lang_vltype.vhd(9): INFO: analyzing package 'vl_types' (VHDL-1014)
D:/School Programs/Diamond/diamond/3.12/ispfpga/vhdl_packages/mixed_lang_vltype.vhd(88): INFO: analyzing package body 'vl_types' (VHDL-1013)
-- Analyzing VHDL file 'D:/School Programs/Diamond/diamond/3.12/ispfpga/vhdl_packages/syn_arit.vhd' (VHDL-1481)
D:/School Programs/Diamond/diamond/3.12/ispfpga/vhdl_packages/syn_arit.vhd(25): INFO: analyzing package 'std_logic_arith' (VHDL-1014)
D:/School Programs/Diamond/diamond/3.12/ispfpga/vhdl_packages/syn_arit.vhd(206): INFO: analyzing package body 'std_logic_arith' (VHDL-1013)
-- Analyzing VHDL file 'D:/School Programs/Diamond/diamond/3.12/ispfpga/vhdl_packages/syn_sign.vhd' (VHDL-1481)
D:/School Programs/Diamond/diamond/3.12/ispfpga/vhdl_packages/syn_sign.vhd(35): INFO: analyzing package 'std_logic_signed' (VHDL-1014)
D:/School Programs/Diamond/diamond/3.12/ispfpga/vhdl_packages/syn_sign.vhd(96): INFO: analyzing package body 'std_logic_signed' (VHDL-1013)
-- Analyzing VHDL file 'D:/School Programs/Diamond/diamond/3.12/ispfpga/vhdl_packages/syn_unsi.vhd' (VHDL-1481)
D:/School Programs/Diamond/diamond/3.12/ispfpga/vhdl_packages/syn_unsi.vhd(35): INFO: analyzing package 'std_logic_unsigned' (VHDL-1014)
D:/School Programs/Diamond/diamond/3.12/ispfpga/vhdl_packages/syn_unsi.vhd(94): INFO: analyzing package body 'std_logic_unsigned' (VHDL-1013)
-- Analyzing VHDL file 'D:/School Programs/Diamond/diamond/3.12/ispfpga/vhdl_packages/synattr.vhd' (VHDL-1481)
D:/School Programs/Diamond/diamond/3.12/ispfpga/vhdl_packages/synattr.vhd(50): INFO: analyzing package 'attributes' (VHDL-1014)
-- Analyzing Verilog file 'D:/School Programs/Diamond/diamond/3.12/ispfpga/userware/NT/SYNTHESIS_HEADERS/machxo2.v' (VERI-1482)
-- Analyzing VHDL file 'D:/School Programs/Diamond/diamond/3.12/ispfpga/userware/NT/SYNTHESIS_HEADERS/machxo2.vhd' (VHDL-1481)
-- Analyzing VHDL file 'C:/Users/link0/Desktop/Escuela/Arqui/Practica1/Codes/LCD_decrypter.vhd' (VHDL-1481)
C:/Users/link0/Desktop/Escuela/Arqui/Practica1/Codes/LCD_decrypter.vhd(15): INFO: analyzing entity 'lcd_decrypter' (VHDL-1012)
C:/Users/link0/Desktop/Escuela/Arqui/Practica1/Codes/LCD_decrypter.vhd(22): INFO: analyzing architecture 'ctrl_lcd' (VHDL-1010)
-- Analyzing VHDL file 'C:/Users/link0/Desktop/Escuela/Arqui/Practica1/Codes/LCD_main.vhd' (VHDL-1481)
C:/Users/link0/Desktop/Escuela/Arqui/Practica1/Codes/LCD_main.vhd(18): INFO: analyzing entity 'lcd_main' (VHDL-1012)
C:/Users/link0/Desktop/Escuela/Arqui/Practica1/Codes/LCD_main.vhd(32): INFO: analyzing architecture 'behaviour' (VHDL-1010)
C:/Users/link0/Desktop/Escuela/Arqui/Practica1/Codes/LCD_decrypter.vhd(15): INFO: elaborating 'LCD_decrypter(ctrl_LCD)' (VHDL-1067)
C:/Users/link0/Desktop/Escuela/Arqui/Practica1/Codes/LCD_decrypter.vhd(31): WARNING: value in initialization depends on signal 'convertions' (VHDL-1617)
C:/Users/link0/Desktop/Escuela/Arqui/Practica1/Codes/LCD_decrypter.vhd(31): WARNING: value in initialization depends on signal 'convertions' (VHDL-1617)
C:/Users/link0/Desktop/Escuela/Arqui/Practica1/Codes/LCD_decrypter.vhd(31): WARNING: value in initialization depends on signal 'convertions' (VHDL-1617)
C:/Users/link0/Desktop/Escuela/Arqui/Practica1/Codes/LCD_decrypter.vhd(31): WARNING: value in initialization depends on signal 'convertions' (VHDL-1617)
C:/Users/link0/Desktop/Escuela/Arqui/Practica1/Codes/LCD_decrypter.vhd(31): WARNING: value in initialization depends on signal 'convertions' (VHDL-1617)
C:/Users/link0/Desktop/Escuela/Arqui/Practica1/Codes/LCD_decrypter.vhd(31): WARNING: value in initialization depends on signal 'convertions' (VHDL-1617)
C:/Users/link0/Desktop/Escuela/Arqui/Practica1/Codes/LCD_decrypter.vhd(31): WARNING: value in initialization depends on signal 'convertions' (VHDL-1617)
C:/Users/link0/Desktop/Escuela/Arqui/Practica1/Codes/LCD_decrypter.vhd(31): WARNING: value in initialization depends on signal 'convertions' (VHDL-1617)
C:/Users/link0/Desktop/Escuela/Arqui/Practica1/Codes/LCD_main.vhd(18): INFO: elaborating 'LCD_main(behaviour)' (VHDL-1067)
