Analysis & Synthesis report for Sumador
Fri May  6 00:33:43 2022
Quartus Prime Version 21.1.0 Build 842 10/21/2021 SJ Lite Edition


---------------------
; Table of Contents ;
---------------------
  1. Legal Notice
  2. Analysis & Synthesis Summary
  3. Analysis & Synthesis Settings
  4. Parallel Compilation
  5. Analysis & Synthesis Source Files Read
  6. Analysis & Synthesis Resource Usage Summary
  7. Analysis & Synthesis Resource Utilization by Entity
  8. State Machine - |sumador|current_state
  9. State Machine - |sumador|next_state
 10. User-Specified and Inferred Latches
 11. Registers Removed During Synthesis
 12. General Register Statistics
 13. Multiplexer Restructuring Statistics (Restructuring Performed)
 14. Post-Synthesis Netlist Statistics for Top Partition
 15. Elapsed Time Per Partition
 16. Analysis & Synthesis Messages



----------------
; Legal Notice ;
----------------
Copyright (C) 2021  Intel Corporation. All rights reserved.
Your use of Intel Corporation's design tools, logic functions 
and other software and tools, and any partner logic 
functions, and any output files from any of the foregoing 
(including device programming or simulation files), and any 
associated documentation or information are expressly subject 
to the terms and conditions of the Intel Program License 
Subscription Agreement, the Intel Quartus Prime License Agreement,
the Intel FPGA IP License Agreement, or other applicable license
agreement, including, without limitation, that your use is for
the sole purpose of programming logic devices manufactured by
Intel and sold by Intel or its authorized distributors.  Please
refer to the applicable agreement for further details, at
https://fpgasoftware.intel.com/eula.



+----------------------------------------------------------------------------------+
; Analysis & Synthesis Summary                                                     ;
+------------------------------------+---------------------------------------------+
; Analysis & Synthesis Status        ; Successful - Fri May  6 00:33:43 2022       ;
; Quartus Prime Version              ; 21.1.0 Build 842 10/21/2021 SJ Lite Edition ;
; Revision Name                      ; Sumador                                     ;
; Top-level Entity Name              ; sumador                                     ;
; Family                             ; Cyclone IV E                                ;
; Total logic elements               ; 226                                         ;
;     Total combinational functions  ; 214                                         ;
;     Dedicated logic registers      ; 58                                          ;
; Total registers                    ; 58                                          ;
; Total pins                         ; 65                                          ;
; Total virtual pins                 ; 0                                           ;
; Total memory bits                  ; 0                                           ;
; Embedded Multiplier 9-bit elements ; 0                                           ;
; Total PLLs                         ; 0                                           ;
+------------------------------------+---------------------------------------------+


+------------------------------------------------------------------------------------------------------------+
; Analysis & Synthesis Settings                                                                              ;
+------------------------------------------------------------------+--------------------+--------------------+
; Option                                                           ; Setting            ; Default Value      ;
+------------------------------------------------------------------+--------------------+--------------------+
; Device                                                           ; EP4CE115F29C7      ;                    ;
; Top-level entity name                                            ; Sumador            ; Sumador            ;
; Family name                                                      ; Cyclone IV E       ; Cyclone V          ;
; Type of Retiming Performed During Resynthesis                    ; Full               ;                    ;
; Resynthesis Optimization Effort                                  ; Normal             ;                    ;
; Physical Synthesis Level for Resynthesis                         ; Normal             ;                    ;
; Use Generated Physical Constraints File                          ; On                 ;                    ;
; Use smart compilation                                            ; Off                ; Off                ;
; Enable parallel Assembler and Timing Analyzer during compilation ; On                 ; On                 ;
; Enable compact report table                                      ; Off                ; Off                ;
; Restructure Multiplexers                                         ; Auto               ; Auto               ;
; Create Debugging Nodes for IP Cores                              ; Off                ; Off                ;
; Preserve fewer node names                                        ; On                 ; On                 ;
; Intel FPGA IP Evaluation Mode                                    ; Enable             ; Enable             ;
; Verilog Version                                                  ; Verilog_2001       ; Verilog_2001       ;
; VHDL Version                                                     ; VHDL_1993          ; VHDL_1993          ;
; State Machine Processing                                         ; Auto               ; Auto               ;
; Safe State Machine                                               ; Off                ; Off                ;
; Extract Verilog State Machines                                   ; On                 ; On                 ;
; Extract VHDL State Machines                                      ; On                 ; On                 ;
; Ignore Verilog initial constructs                                ; Off                ; Off                ;
; Iteration limit for constant Verilog loops                       ; 5000               ; 5000               ;
; Iteration limit for non-constant Verilog loops                   ; 250                ; 250                ;
; Add Pass-Through Logic to Inferred RAMs                          ; On                 ; On                 ;
; Infer RAMs from Raw Logic                                        ; On                 ; On                 ;
; Parallel Synthesis                                               ; On                 ; On                 ;
; DSP Block Balancing                                              ; Auto               ; Auto               ;
; NOT Gate Push-Back                                               ; On                 ; On                 ;
; Power-Up Don't Care                                              ; On                 ; On                 ;
; Remove Redundant Logic Cells                                     ; Off                ; Off                ;
; Remove Duplicate Registers                                       ; On                 ; On                 ;
; Ignore CARRY Buffers                                             ; Off                ; Off                ;
; Ignore CASCADE Buffers                                           ; Off                ; Off                ;
; Ignore GLOBAL Buffers                                            ; Off                ; Off                ;
; Ignore ROW GLOBAL Buffers                                        ; Off                ; Off                ;
; Ignore LCELL Buffers                                             ; Off                ; Off                ;
; Ignore SOFT Buffers                                              ; On                 ; On                 ;
; Limit AHDL Integers to 32 Bits                                   ; Off                ; Off                ;
; Optimization Technique                                           ; Balanced           ; Balanced           ;
; Carry Chain Length                                               ; 70                 ; 70                 ;
; Auto Carry Chains                                                ; On                 ; On                 ;
; Auto Open-Drain Pins                                             ; On                 ; On                 ;
; Perform WYSIWYG Primitive Resynthesis                            ; Off                ; Off                ;
; Auto ROM Replacement                                             ; On                 ; On                 ;
; Auto RAM Replacement                                             ; On                 ; On                 ;
; Auto DSP Block Replacement                                       ; On                 ; On                 ;
; Auto Shift Register Replacement                                  ; Auto               ; Auto               ;
; Allow Shift Register Merging across Hierarchies                  ; Auto               ; Auto               ;
; Auto Clock Enable Replacement                                    ; On                 ; On                 ;
; Strict RAM Replacement                                           ; Off                ; Off                ;
; Allow Synchronous Control Signals                                ; On                 ; On                 ;
; Force Use of Synchronous Clear Signals                           ; Off                ; Off                ;
; Auto RAM Block Balancing                                         ; On                 ; On                 ;
; Auto RAM to Logic Cell Conversion                                ; Off                ; Off                ;
; Auto Resource Sharing                                            ; Off                ; Off                ;
; Allow Any RAM Size For Recognition                               ; Off                ; Off                ;
; Allow Any ROM Size For Recognition                               ; Off                ; Off                ;
; Allow Any Shift Register Size For Recognition                    ; Off                ; Off                ;
; Use LogicLock Constraints during Resource Balancing              ; On                 ; On                 ;
; Ignore translate_off and synthesis_off directives                ; Off                ; Off                ;
; Timing-Driven Synthesis                                          ; On                 ; On                 ;
; Report Parameter Settings                                        ; On                 ; On                 ;
; Report Source Assignments                                        ; On                 ; On                 ;
; Report Connectivity Checks                                       ; On                 ; On                 ;
; Ignore Maximum Fan-Out Assignments                               ; Off                ; Off                ;
; Synchronization Register Chain Length                            ; 2                  ; 2                  ;
; Power Optimization During Synthesis                              ; Normal compilation ; Normal compilation ;
; HDL message level                                                ; Level2             ; Level2             ;
; Suppress Register Optimization Related Messages                  ; Off                ; Off                ;
; Number of Removed Registers Reported in Synthesis Report         ; 5000               ; 5000               ;
; Number of Swept Nodes Reported in Synthesis Report               ; 5000               ; 5000               ;
; Number of Inverted Registers Reported in Synthesis Report        ; 100                ; 100                ;
; Clock MUX Protection                                             ; On                 ; On                 ;
; Auto Gated Clock Conversion                                      ; Off                ; Off                ;
; Block Design Naming                                              ; Auto               ; Auto               ;
; SDC constraint protection                                        ; Off                ; Off                ;
; Synthesis Effort                                                 ; Auto               ; Auto               ;
; Shift Register Replacement - Allow Asynchronous Clear Signal     ; On                 ; On                 ;
; Pre-Mapping Resynthesis Optimization                             ; Off                ; Off                ;
; Analysis & Synthesis Message Level                               ; Medium             ; Medium             ;
; Disable Register Merging Across Hierarchies                      ; Auto               ; Auto               ;
; Resource Aware Inference For Block RAM                           ; On                 ; On                 ;
+------------------------------------------------------------------+--------------------+--------------------+


+------------------------------------------+
; Parallel Compilation                     ;
+----------------------------+-------------+
; Processors                 ; Number      ;
+----------------------------+-------------+
; Number detected on machine ; 16          ;
; Maximum allowed            ; 16          ;
;                            ;             ;
; Average used               ; 1.00        ;
; Maximum used               ; 16          ;
;                            ;             ;
; Usage by Processor         ; % Time Used ;
;     Processor 1            ; 100.0%      ;
;     Processor 2            ;   0.0%      ;
;     Processors 3-16        ;   0.0%      ;
+----------------------------+-------------+


+----------------------------------------------------------------------------------------------------------------------------------------------------------+
; Analysis & Synthesis Source Files Read                                                                                                                   ;
+----------------------------------+-----------------+-----------------+-------------------------------------------------------------------------+---------+
; File Name with User-Entered Path ; Used in Netlist ; File Type       ; File Name with Absolute Path                                            ; Library ;
+----------------------------------+-----------------+-----------------+-------------------------------------------------------------------------+---------+
; codes/sumador.vhd                ; yes             ; User VHDL File  ; C:/Users/link0/Desktop/Escuela/Arqui/Quartus/sumador/codes/sumador.vhd  ;         ;
; codes/ctrl_LCD.vhd               ; yes             ; User VHDL File  ; C:/Users/link0/Desktop/Escuela/Arqui/Quartus/sumador/codes/ctrl_LCD.vhd ;         ;
+----------------------------------+-----------------+-----------------+-------------------------------------------------------------------------+---------+


+-------------------------------------------------------+
; Analysis & Synthesis Resource Usage Summary           ;
+---------------------------------------------+---------+
; Resource                                    ; Usage   ;
+---------------------------------------------+---------+
; Estimated Total logic elements              ; 226     ;
;                                             ;         ;
; Total combinational functions               ; 214     ;
; Logic element usage by number of LUT inputs ;         ;
;     -- 4 input functions                    ; 140     ;
;     -- 3 input functions                    ; 47      ;
;     -- <=2 input functions                  ; 27      ;
;                                             ;         ;
; Logic elements by mode                      ;         ;
;     -- normal mode                          ; 201     ;
;     -- arithmetic mode                      ; 13      ;
;                                             ;         ;
; Total registers                             ; 58      ;
;     -- Dedicated logic registers            ; 58      ;
;     -- I/O registers                        ; 0       ;
;                                             ;         ;
; I/O pins                                    ; 65      ;
;                                             ;         ;
; Embedded Multiplier 9-bit elements          ; 0       ;
;                                             ;         ;
; Maximum fan-out node                        ; clk_dly ;
; Maximum fan-out                             ; 32      ;
; Total fan-out                               ; 1028    ;
; Average fan-out                             ; 2.56    ;
+---------------------------------------------+---------+


+----------------------------------------------------------------------------------------------------------------------------------------------------------------------------------------------------------+
; Analysis & Synthesis Resource Utilization by Entity                                                                                                                                                      ;
+----------------------------+---------------------+---------------------------+-------------+--------------+---------+-----------+------+--------------+---------------------+-------------+--------------+
; Compilation Hierarchy Node ; Combinational ALUTs ; Dedicated Logic Registers ; Memory Bits ; DSP Elements ; DSP 9x9 ; DSP 18x18 ; Pins ; Virtual Pins ; Full Hierarchy Name ; Entity Name ; Library Name ;
+----------------------------+---------------------+---------------------------+-------------+--------------+---------+-----------+------+--------------+---------------------+-------------+--------------+
; |sumador                   ; 214 (214)           ; 58 (58)                   ; 0           ; 0            ; 0       ; 0         ; 65   ; 0            ; |sumador            ; sumador     ; work         ;
+----------------------------+---------------------+---------------------------+-------------+--------------+---------+-----------+------+--------------+---------------------+-------------+--------------+
Note: For table entries with two numbers listed, the numbers in parentheses indicate the number of resources of the given type used by the specific entity alone. The numbers listed outside of parentheses indicate the total resources of the given type used by the specific entity and all of its sub-entities in the hierarchy.


Encoding Type:  One-Hot
+-----------------------------------------------------------------------------------------------------------------------------------------------------------------------------------------------------------------------------------------------------------------------------------------+
; State Machine - |sumador|current_state                                                                                                                                                                                                                                                  ;
+-----------------------+------------------+------------------+--------------------+--------------------+---------------------+---------------------+--------------------+---------------------+--------------------+-----------------------+---------------------+-----------------------+
; Name                  ; current_state.L2 ; current_state.L1 ; current_state.ASK3 ; current_state.ASK2 ; current_state.MESG2 ; current_state.MESG1 ; current_state.ASK1 ; current_state.ENTRY ; current_state.D_ON ; current_state.LCD_CLR ; current_state.D_OFF ; current_state.LCD_INI ;
+-----------------------+------------------+------------------+--------------------+--------------------+---------------------+---------------------+--------------------+---------------------+--------------------+-----------------------+---------------------+-----------------------+
; current_state.LCD_INI ; 0                ; 0                ; 0                  ; 0                  ; 0                   ; 0                   ; 0                  ; 0                   ; 0                  ; 0                     ; 0                   ; 0                     ;
; current_state.D_OFF   ; 0                ; 0                ; 0                  ; 0                  ; 0                   ; 0                   ; 0                  ; 0                   ; 0                  ; 0                     ; 1                   ; 1                     ;
; current_state.LCD_CLR ; 0                ; 0                ; 0                  ; 0                  ; 0                   ; 0                   ; 0                  ; 0                   ; 0                  ; 1                     ; 0                   ; 1                     ;
; current_state.D_ON    ; 0                ; 0                ; 0                  ; 0                  ; 0                   ; 0                   ; 0                  ; 0                   ; 1                  ; 0                     ; 0                   ; 1                     ;
; current_state.ENTRY   ; 0                ; 0                ; 0                  ; 0                  ; 0                   ; 0                   ; 0                  ; 1                   ; 0                  ; 0                     ; 0                   ; 1                     ;
; current_state.ASK1    ; 0                ; 0                ; 0                  ; 0                  ; 0                   ; 0                   ; 1                  ; 0                   ; 0                  ; 0                     ; 0                   ; 1                     ;
; current_state.MESG1   ; 0                ; 0                ; 0                  ; 0                  ; 0                   ; 1                   ; 0                  ; 0                   ; 0                  ; 0                     ; 0                   ; 1                     ;
; current_state.MESG2   ; 0                ; 0                ; 0                  ; 0                  ; 1                   ; 0                   ; 0                  ; 0                   ; 0                  ; 0                     ; 0                   ; 1                     ;
; current_state.ASK2    ; 0                ; 0                ; 0                  ; 1                  ; 0                   ; 0                   ; 0                  ; 0                   ; 0                  ; 0                     ; 0                   ; 1                     ;
; current_state.ASK3    ; 0                ; 0                ; 1                  ; 0                  ; 0                   ; 0                   ; 0                  ; 0                   ; 0                  ; 0                     ; 0                   ; 1                     ;
; current_state.L1      ; 0                ; 1                ; 0                  ; 0                  ; 0                   ; 0                   ; 0                  ; 0                   ; 0                  ; 0                     ; 0                   ; 1                     ;
; current_state.L2      ; 1                ; 0                ; 0                  ; 0                  ; 0                   ; 0                   ; 0                  ; 0                   ; 0                  ; 0                     ; 0                   ; 1                     ;
+-----------------------+------------------+------------------+--------------------+--------------------+---------------------+---------------------+--------------------+---------------------+--------------------+-----------------------+---------------------+-----------------------+


Encoding Type:  One-Hot
+--------------------------------------------------------------------------------------------------------------------------------------------------------------------------------------------------------------------------------------------------+
; State Machine - |sumador|next_state                                                                                                                                                                                                              ;
+--------------------+---------------+---------------+-----------------+-----------------+------------------+------------------+-----------------+------------------+-----------------+--------------------+------------------+--------------------+
; Name               ; next_state.L2 ; next_state.L1 ; next_state.ASK3 ; next_state.ASK2 ; next_state.MESG2 ; next_state.MESG1 ; next_state.ASK1 ; next_state.ENTRY ; next_state.D_ON ; next_state.LCD_CLR ; next_state.D_OFF ; next_state.LCD_INI ;
+--------------------+---------------+---------------+-----------------+-----------------+------------------+------------------+-----------------+------------------+-----------------+--------------------+------------------+--------------------+
; next_state.LCD_INI ; 0             ; 0             ; 0               ; 0               ; 0                ; 0                ; 0               ; 0                ; 0               ; 0                  ; 0                ; 0                  ;
; next_state.D_OFF   ; 0             ; 0             ; 0               ; 0               ; 0                ; 0                ; 0               ; 0                ; 0               ; 0                  ; 1                ; 1                  ;
; next_state.LCD_CLR ; 0             ; 0             ; 0               ; 0               ; 0                ; 0                ; 0               ; 0                ; 0               ; 1                  ; 0                ; 1                  ;
; next_state.D_ON    ; 0             ; 0             ; 0               ; 0               ; 0                ; 0                ; 0               ; 0                ; 1               ; 0                  ; 0                ; 1                  ;
; next_state.ENTRY   ; 0             ; 0             ; 0               ; 0               ; 0                ; 0                ; 0               ; 1                ; 0               ; 0                  ; 0                ; 1                  ;
; next_state.ASK1    ; 0             ; 0             ; 0               ; 0               ; 0                ; 0                ; 1               ; 0                ; 0               ; 0                  ; 0                ; 1                  ;
; next_state.MESG1   ; 0             ; 0             ; 0               ; 0               ; 0                ; 1                ; 0               ; 0                ; 0               ; 0                  ; 0                ; 1                  ;
; next_state.MESG2   ; 0             ; 0             ; 0               ; 0               ; 1                ; 0                ; 0               ; 0                ; 0               ; 0                  ; 0                ; 1                  ;
; next_state.ASK2    ; 0             ; 0             ; 0               ; 1               ; 0                ; 0                ; 0               ; 0                ; 0               ; 0                  ; 0                ; 1                  ;
; next_state.ASK3    ; 0             ; 0             ; 1               ; 0               ; 0                ; 0                ; 0               ; 0                ; 0               ; 0                  ; 0                ; 1                  ;
; next_state.L1      ; 0             ; 1             ; 0               ; 0               ; 0                ; 0                ; 0               ; 0                ; 0               ; 0                  ; 0                ; 1                  ;
; next_state.L2      ; 1             ; 0             ; 0               ; 0               ; 0                ; 0                ; 0               ; 0                ; 0               ; 0                  ; 0                ; 1                  ;
+--------------------+---------------+---------------+-----------------+-----------------+------------------+------------------+-----------------+------------------+-----------------+--------------------+------------------+--------------------+


+----------------------------------------------------------------------------------------------------+
; User-Specified and Inferred Latches                                                                ;
+-----------------------------------------------------+---------------------+------------------------+
; Latch Name                                          ; Latch Enable Signal ; Free of Timing Hazards ;
+-----------------------------------------------------+---------------------+------------------------+
; acarreo[8]                                          ; confirm             ; yes                    ;
; resultado[4]                                        ; confirm             ; yes                    ;
; resultado[6]                                        ; confirm             ; yes                    ;
; resultado[0]                                        ; confirm             ; yes                    ;
; resultado[1]                                        ; confirm             ; yes                    ;
; resultado[2]                                        ; confirm             ; yes                    ;
; resultado[3]                                        ; confirm             ; yes                    ;
; resultado[7]                                        ; confirm             ; yes                    ;
; resultado[5]                                        ; confirm             ; yes                    ;
; acarreo[7]                                          ; confirm             ; yes                    ;
; acarreo[4]                                          ; confirm             ; yes                    ;
; acarreo[6]                                          ; confirm             ; yes                    ;
; acarreo[1]                                          ; confirm             ; yes                    ;
; acarreo[2]                                          ; confirm             ; yes                    ;
; acarreo[3]                                          ; confirm             ; yes                    ;
; acarreo[5]                                          ; confirm             ; yes                    ;
; Number of user-specified and inferred latches = 16  ;                     ;                        ;
+-----------------------------------------------------+---------------------+------------------------+
Note: All latches listed above may not be present at the end of synthesis due to various synthesis optimizations.


+--------------------------------------------------------------------------------+
; Registers Removed During Synthesis                                             ;
+---------------------------------------+----------------------------------------+
; Register name                         ; Reason for Removal                     ;
+---------------------------------------+----------------------------------------+
; \LCD:contador[3]                      ; Stuck at GND due to stuck port data_in ;
; Total Number of Removed Registers = 1 ;                                        ;
+---------------------------------------+----------------------------------------+


+------------------------------------------------------+
; General Register Statistics                          ;
+----------------------------------------------+-------+
; Statistic                                    ; Value ;
+----------------------------------------------+-------+
; Total registers                              ; 58    ;
; Number of registers using Synchronous Clear  ; 14    ;
; Number of registers using Synchronous Load   ; 0     ;
; Number of registers using Asynchronous Clear ; 12    ;
; Number of registers using Asynchronous Load  ; 0     ;
; Number of registers using Clock Enable       ; 31    ;
; Number of registers using Preset             ; 0     ;
+----------------------------------------------+-------+


+------------------------------------------------------------------------------------------------------------------------------------------+
; Multiplexer Restructuring Statistics (Restructuring Performed)                                                                           ;
+--------------------+-----------+---------------+----------------------+------------------------+------------+----------------------------+
; Multiplexer Inputs ; Bus Width ; Baseline Area ; Area if Restructured ; Saving if Restructured ; Registered ; Example Multiplexer Output ;
+--------------------+-----------+---------------+----------------------+------------------------+------------+----------------------------+
; 4:1                ; 4 bits    ; 8 LEs         ; 4 LEs                ; 4 LEs                  ; Yes        ; |sumador|\LCD:contador2[2] ;
; 6:1                ; 4 bits    ; 16 LEs        ; 4 LEs                ; 12 LEs                 ; Yes        ; |sumador|\LCD:contador[0]  ;
; 6:1                ; 2 bits    ; 8 LEs         ; 0 LEs                ; 8 LEs                  ; Yes        ; |sumador|E~reg0            ;
; 6:1                ; 2 bits    ; 8 LEs         ; 4 LEs                ; 4 LEs                  ; No         ; |sumador|Selector16        ;
+--------------------+-----------+---------------+----------------------+------------------------+------------+----------------------------+


+-----------------------------------------------------+
; Post-Synthesis Netlist Statistics for Top Partition ;
+-----------------------+-----------------------------+
; Type                  ; Count                       ;
+-----------------------+-----------------------------+
; boundary_port         ; 65                          ;
; cycloneiii_ff         ; 58                          ;
;     ENA               ; 5                           ;
;     ENA CLR           ; 12                          ;
;     ENA SCLR          ; 14                          ;
;     plain             ; 27                          ;
; cycloneiii_lcell_comb ; 220                         ;
;     arith             ; 13                          ;
;         2 data inputs ; 13                          ;
;     normal            ; 207                         ;
;         0 data inputs ; 2                           ;
;         1 data inputs ; 7                           ;
;         2 data inputs ; 11                          ;
;         3 data inputs ; 47                          ;
;         4 data inputs ; 140                         ;
;                       ;                             ;
; Max LUT depth         ; 6.00                        ;
; Average LUT depth     ; 3.08                        ;
+-----------------------+-----------------------------+


+-------------------------------+
; Elapsed Time Per Partition    ;
+----------------+--------------+
; Partition Name ; Elapsed Time ;
+----------------+--------------+
; Top            ; 00:00:01     ;
+----------------+--------------+


+-------------------------------+
; Analysis & Synthesis Messages ;
+-------------------------------+
Info: *******************************************************************
Info: Running Quartus Prime Analysis & Synthesis
    Info: Version 21.1.0 Build 842 10/21/2021 SJ Lite Edition
    Info: Processing started: Fri May  6 00:33:32 2022
Info: Command: quartus_map --read_settings_files=on --write_settings_files=off Sumador -c Sumador
Warning (18236): Number of processors has not been specified which may cause overloading on shared machines.  Set the global assignment NUM_PARALLEL_PROCESSORS in your QSF to an appropriate value for best performance.
Info (20030): Parallel compilation is enabled and will use 16 of the 16 processors detected
Info (12021): Found 2 design units, including 1 entities, in source file codes/sumador.vhd
    Info (12022): Found design unit 1: sumador-Asumador File: C:/Users/link0/Desktop/Escuela/Arqui/Quartus/sumador/codes/sumador.vhd Line: 17
    Info (12023): Found entity 1: sumador File: C:/Users/link0/Desktop/Escuela/Arqui/Quartus/sumador/codes/sumador.vhd Line: 5
Info (12021): Found 2 design units, including 0 entities, in source file codes/ctrl_lcd.vhd
    Info (12022): Found design unit 1: ctrl_LCD File: C:/Users/link0/Desktop/Escuela/Arqui/Quartus/sumador/codes/ctrl_LCD.vhd Line: 27
    Info (12022): Found design unit 2: ctrl_LCD-body File: C:/Users/link0/Desktop/Escuela/Arqui/Quartus/sumador/codes/ctrl_LCD.vhd Line: 94
Warning (12162): EDA synthesis tool is specified as "Custom", but Library Mapping File is not specified
Warning (12163): EDA synthesis tool is specified as "Custom", but VCC is not specified
Warning (12164): EDA synthesis tool is specified as "Custom", but GND is not specified
Info (12127): Elaborating entity "Sumador" for the top level hierarchy
Warning (10541): VHDL Signal Declaration warning at sumador.vhd(12): used implicit default value for signal "RW" because signal was never assigned a value or an explicit default value. Use of implicit default value may introduce unintended design optimizations. File: C:/Users/link0/Desktop/Escuela/Arqui/Quartus/sumador/codes/sumador.vhd Line: 12
Warning (10492): VHDL Process Statement warning at sumador.vhd(129): signal "confirm" is read inside the Process Statement but isn't in the Process Statement's sensitivity list File: C:/Users/link0/Desktop/Escuela/Arqui/Quartus/sumador/codes/sumador.vhd Line: 129
Warning (10631): VHDL Process Statement warning at sumador.vhd(126): inferring latch(es) for signal or variable "acarreo", which holds its previous value in one or more paths through the process File: C:/Users/link0/Desktop/Escuela/Arqui/Quartus/sumador/codes/sumador.vhd Line: 126
Warning (10631): VHDL Process Statement warning at sumador.vhd(126): inferring latch(es) for signal or variable "resultado", which holds its previous value in one or more paths through the process File: C:/Users/link0/Desktop/Escuela/Arqui/Quartus/sumador/codes/sumador.vhd Line: 126
Info (10041): Inferred latch for "resultado[0]" at sumador.vhd(126) File: C:/Users/link0/Desktop/Escuela/Arqui/Quartus/sumador/codes/sumador.vhd Line: 126
Info (10041): Inferred latch for "resultado[1]" at sumador.vhd(126) File: C:/Users/link0/Desktop/Escuela/Arqui/Quartus/sumador/codes/sumador.vhd Line: 126
Info (10041): Inferred latch for "resultado[2]" at sumador.vhd(126) File: C:/Users/link0/Desktop/Escuela/Arqui/Quartus/sumador/codes/sumador.vhd Line: 126
Info (10041): Inferred latch for "resultado[3]" at sumador.vhd(126) File: C:/Users/link0/Desktop/Escuela/Arqui/Quartus/sumador/codes/sumador.vhd Line: 126
Info (10041): Inferred latch for "resultado[4]" at sumador.vhd(126) File: C:/Users/link0/Desktop/Escuela/Arqui/Quartus/sumador/codes/sumador.vhd Line: 126
Info (10041): Inferred latch for "resultado[5]" at sumador.vhd(126) File: C:/Users/link0/Desktop/Escuela/Arqui/Quartus/sumador/codes/sumador.vhd Line: 126
Info (10041): Inferred latch for "resultado[6]" at sumador.vhd(126) File: C:/Users/link0/Desktop/Escuela/Arqui/Quartus/sumador/codes/sumador.vhd Line: 126
Info (10041): Inferred latch for "resultado[7]" at sumador.vhd(126) File: C:/Users/link0/Desktop/Escuela/Arqui/Quartus/sumador/codes/sumador.vhd Line: 126
Info (10041): Inferred latch for "acarreo[1]" at sumador.vhd(126) File: C:/Users/link0/Desktop/Escuela/Arqui/Quartus/sumador/codes/sumador.vhd Line: 126
Info (10041): Inferred latch for "acarreo[2]" at sumador.vhd(126) File: C:/Users/link0/Desktop/Escuela/Arqui/Quartus/sumador/codes/sumador.vhd Line: 126
Info (10041): Inferred latch for "acarreo[3]" at sumador.vhd(126) File: C:/Users/link0/Desktop/Escuela/Arqui/Quartus/sumador/codes/sumador.vhd Line: 126
Info (10041): Inferred latch for "acarreo[4]" at sumador.vhd(126) File: C:/Users/link0/Desktop/Escuela/Arqui/Quartus/sumador/codes/sumador.vhd Line: 126
Info (10041): Inferred latch for "acarreo[5]" at sumador.vhd(126) File: C:/Users/link0/Desktop/Escuela/Arqui/Quartus/sumador/codes/sumador.vhd Line: 126
Info (10041): Inferred latch for "acarreo[6]" at sumador.vhd(126) File: C:/Users/link0/Desktop/Escuela/Arqui/Quartus/sumador/codes/sumador.vhd Line: 126
Info (10041): Inferred latch for "acarreo[7]" at sumador.vhd(126) File: C:/Users/link0/Desktop/Escuela/Arqui/Quartus/sumador/codes/sumador.vhd Line: 126
Info (10041): Inferred latch for "acarreo[8]" at sumador.vhd(126) File: C:/Users/link0/Desktop/Escuela/Arqui/Quartus/sumador/codes/sumador.vhd Line: 126
Warning (12162): EDA synthesis tool is specified as "Custom", but Library Mapping File is not specified
Warning (12163): EDA synthesis tool is specified as "Custom", but VCC is not specified
Warning (12164): EDA synthesis tool is specified as "Custom", but GND is not specified
Warning (13024): Output pins are stuck at VCC or GND
    Warning (13410): Pin "D3[0]" is stuck at VCC File: C:/Users/link0/Desktop/Escuela/Arqui/Quartus/sumador/codes/sumador.vhd Line: 8
    Warning (13410): Pin "D3[1]" is stuck at GND File: C:/Users/link0/Desktop/Escuela/Arqui/Quartus/sumador/codes/sumador.vhd Line: 8
    Warning (13410): Pin "D3[2]" is stuck at GND File: C:/Users/link0/Desktop/Escuela/Arqui/Quartus/sumador/codes/sumador.vhd Line: 8
    Warning (13410): Pin "D3[3]" is stuck at VCC File: C:/Users/link0/Desktop/Escuela/Arqui/Quartus/sumador/codes/sumador.vhd Line: 8
    Warning (13410): Pin "D3[4]" is stuck at VCC File: C:/Users/link0/Desktop/Escuela/Arqui/Quartus/sumador/codes/sumador.vhd Line: 8
    Warning (13410): Pin "D3[5]" is stuck at VCC File: C:/Users/link0/Desktop/Escuela/Arqui/Quartus/sumador/codes/sumador.vhd Line: 8
    Warning (13410): Pin "D3[6]" is stuck at GND File: C:/Users/link0/Desktop/Escuela/Arqui/Quartus/sumador/codes/sumador.vhd Line: 8
    Warning (13410): Pin "RW" is stuck at GND File: C:/Users/link0/Desktop/Escuela/Arqui/Quartus/sumador/codes/sumador.vhd Line: 12
Info (286030): Timing-Driven Synthesis is running
Info (16010): Generating hard_block partition "hard_block:auto_generated_inst"
    Info (16011): Adding 0 node(s), including 0 DDIO, 0 PLL, 0 transceiver and 0 LCELL
Info (21057): Implemented 291 device resources after synthesis - the final resource count might be different
    Info (21058): Implemented 19 input pins
    Info (21059): Implemented 46 output pins
    Info (21061): Implemented 226 logic cells
Info: Quartus Prime Analysis & Synthesis was successful. 0 errors, 20 warnings
    Info: Peak virtual memory: 4909 megabytes
    Info: Processing ended: Fri May  6 00:33:43 2022
    Info: Elapsed time: 00:00:11
    Info: Total CPU time (on all processors): 00:00:26


